# Preference setting overrides
gui_create_pref_key -category {Globals} -key {load_detail_for_funcov} -value_type {bool} -value {false}

# State setting overrides
gui_state_default_create -off -ini
gui_set_state_value -category Globals -key recent_databases -value {{gui_open_db -file /home/users3/jaf39908/ece_526l/lab2/vcdplus.vpd -design V1} {gui_open_db -file /home/users3/jaf39908/ece_526l/vcdplus.vpd -design V1}}
gui_set_state_value -category Layout -key child_console_size_x -value 1278
gui_set_state_value -category Layout -key child_console_size_y -value 177
gui_set_state_value -category Layout -key child_data_size_x -value 172
gui_set_state_value -category Layout -key child_data_size_y -value 460
gui_set_state_value -category Layout -key child_hier_col3 -value {-1}
gui_set_state_value -category Layout -key child_hier_colpd -value 0
gui_set_state_value -category Layout -key child_hier_size_x -value 172
gui_set_state_value -category Layout -key child_hier_size_y -value 460
gui_set_state_value -category Layout -key child_source_docknewline -value false
gui_set_state_value -category Layout -key child_source_pos_x -value {-2}
gui_set_state_value -category Layout -key child_source_pos_y -value {-17}
gui_set_state_value -category Layout -key child_source_size_x -value 937
gui_set_state_value -category Layout -key child_source_size_y -value 456
gui_set_state_value -category Layout -key child_wave_colname -value 100
gui_set_state_value -category Layout -key child_wave_colvalue -value 100
gui_set_state_value -category Layout -key child_wave_left -value 204
gui_set_state_value -category Layout -key child_wave_right -value 1070
gui_set_state_value -category Layout -key main_pos_x -value 531
gui_set_state_value -category Layout -key main_pos_y -value 139
gui_set_state_value -category Layout -key main_size_x -value 1809
gui_set_state_value -category Layout -key main_size_y -value 890
gui_set_state_value -category Layout -key stand_wave_child_docknewline -value false
gui_set_state_value -category Layout -key stand_wave_child_pos_x -value {-2}
gui_set_state_value -category Layout -key stand_wave_child_pos_y -value {-17}
gui_set_state_value -category Layout -key stand_wave_child_size_x -value 1284
gui_set_state_value -category Layout -key stand_wave_child_size_y -value 634
gui_set_state_value -category Layout -key stand_wave_top_pos_x -value 37
gui_set_state_value -category Layout -key stand_wave_top_pos_y -value 132
gui_set_state_value -category Layout -key stand_wave_top_size_x -value 1316
gui_set_state_value -category Layout -key stand_wave_top_size_y -value 884
gui_create_state_key -category FindDialog -key m_pMatchCase -value_type bool -value false
gui_create_state_key -category FindDialog -key m_pMatchWord -value_type bool -value false
gui_create_state_key -category FindDialog -key m_pUseCombo -value_type string -value {}
gui_create_state_key -category FindDialog -key m_pWrapAround -value_type bool -value true
gui_state_default_create -off

# Begin command logging
gui_open_db -file /home/users3/jaf39908/ece_526l/lab2/vcdplus.vpd -design V1
gui_list_expand -id  Hier.1   Lab2_1_tb
gui_list_select -id Hier.1 -current_item_name Lab2_1_tb.UUT -current_item_type Scope  -selected  { Lab2_1_tb.UUT   }
gui_list_action -id  Hier.1 Lab2_1_tb.UUT
gui_list_select -id Data.1 -selected  { Lab2_1_tb.UUT.NT   }
gui_list_select -id Data.1 -selected  { Lab2_1_tb.UUT.NT  Lab2_1_tb.UUT.A1  Lab2_1_tb.UUT.A2  Lab2_1_tb.UUT.O1  Lab2_1_tb.UUT.in1  Lab2_1_tb.UUT.in2  Lab2_1_tb.UUT.out1   }
gui_open_window Wave
gui_list_add -id Wave.1 -from Data.1 { Lab2_1_tb.UUT.NT Lab2_1_tb.UUT.A1 Lab2_1_tb.UUT.A2 Lab2_1_tb.UUT.O1 Lab2_1_tb.UUT.in1 Lab2_1_tb.UUT.in2 Lab2_1_tb.UUT.out1 } -insertionbar
gui_zoom -window Wave.1 -full
gui_wv_zoom_timerange -id  Wave.1 0 1693
gui_zoom -window Wave.1 -full
