The file '/home/users3/jaf39908/ece_526l/lab2/vcdplus.vpd' was opened successfully.
With selected criteria, DVE has found 'results at time 750
    Lab2_1_tb.UUT.in1'.
With selected criteria, DVE has found 'results at time 775
    Lab2_1_tb.UUT.NT'.
With selected criteria, DVE has found 'results at time 800
    Lab2_1_tb.UUT.O1'.
With selected criteria, DVE has found 'results at time 950
    Lab2_1_tb.UUT.O1'.
With selected criteria, DVE has found 'results at time 800
    Lab2_1_tb.UUT.O1'.
With selected criteria, DVE has found 'results at time 650
    Lab2_1_tb.UUT.O1'.
With selected criteria, DVE has found 'results at time 600
    Lab2_1_tb.UUT.in2'.
With selected criteria, DVE has found 'results at time 600
    Lab2_1_tb.UUT.in2'.
With selected criteria, DVE has found 'results at time 600
    Lab2_1_tb.UUT.in2'.
With selected criteria, DVE has found 'results at time 650
    Lab2_1_tb.UUT.O1'.
With selected criteria, DVE has found 'results at time 200
    Lab2_1_tb.UUT.O1'.
With selected criteria, DVE has found 'results at time 650
    Lab2_1_tb.UUT.O1'.
With selected criteria, DVE has found 'results at time 600
    Lab2_1_tb.UUT.in2'.
With selected criteria, DVE has found 'results at time 650
    Lab2_1_tb.UUT.O1'.
