Command: /home/users3/jaf39908/ece_526l/lab5/./simv -l 20ns_clock.log
Chronologic VCS simulator copyright 1991-2017
Contains Synopsys proprietary information.
Compiler version N-2017.12-SP2-9_Full64; Runtime version N-2017.12-SP2-9_Full64;  Mar 21 00:11 2023
VCD+ Writer N-2017.12-SP2-9_Full64 Copyright (c) 1991-2017 by Synopsys Inc.
                   0: The value of counter is   x. rst_ni: x
                  20: The value of counter is   0. rst_ni: 0
                  40: The value of counter is   0. rst_ni: 1
                  90: The value of counter is   1. rst_ni: 1
                 110: The value of counter is   2. rst_ni: 1
                 130: The value of counter is   3. rst_ni: 1
                 150: The value of counter is   4. rst_ni: 1
                 170: The value of counter is   5. rst_ni: 1
                 190: The value of counter is   6. rst_ni: 1
                 210: The value of counter is   7. rst_ni: 1
                 230: The value of counter is   8. rst_ni: 1
                 250: The value of counter is 240. rst_ni: 1
                 270: The value of counter is 241. rst_ni: 1
                 290: The value of counter is 242. rst_ni: 1
                 310: The value of counter is 243. rst_ni: 1
                 330: The value of counter is 244. rst_ni: 1
                 350: The value of counter is 245. rst_ni: 1
                 370: The value of counter is 246. rst_ni: 1
                 390: The value of counter is 247. rst_ni: 1
                 410: The value of counter is 248. rst_ni: 1
                 430: The value of counter is 249. rst_ni: 1
                 450: The value of counter is 250. rst_ni: 1
                 470: The value of counter is 251. rst_ni: 1
                 490: The value of counter is 252. rst_ni: 1
                 510: The value of counter is 253. rst_ni: 1
                 530: The value of counter is 254. rst_ni: 1
                 550: The value of counter is 255. rst_ni: 1
                 570: The value of counter is   0. rst_ni: 1
                 590: The value of counter is   1. rst_ni: 1
                 610: The value of counter is   2. rst_ni: 1
                 630: The value of counter is   3. rst_ni: 1
                 650: The value of counter is   4. rst_ni: 1
                 670: The value of counter is 240. rst_ni: 1
                 680: The value of counter is   0. rst_ni: 0
                 700: The value of counter is   0. rst_ni: 1
                 750: The value of counter is 240. rst_ni: 1
                 770: The value of counter is 241. rst_ni: 1
                 790: The value of counter is 242. rst_ni: 1
                 890: The value of counter is 243. rst_ni: 1
                 910: The value of counter is 244. rst_ni: 1
                 930: The value of counter is 245. rst_ni: 1
                 950: The value of counter is 246. rst_ni: 1
                 970: The value of counter is 247. rst_ni: 1
                 990: The value of counter is 248. rst_ni: 1
                1010: The value of counter is 249. rst_ni: 1
                1030: The value of counter is 250. rst_ni: 1
                1050: The value of counter is 251. rst_ni: 1
                1070: The value of counter is 252. rst_ni: 1
$finish called from file "/home/users3/jaf39908/ece_526l/lab5/counter8_tb.v", line 78.
$finish at simulation time                10800
           V C S   S i m u l a t i o n   R e p o r t 
Time: 1080000 ps
CPU Time:      0.230 seconds;       Data structure size:   0.0Mb
Tue Mar 21 00:11:55 2023
